MPASM 5.86                          MAIN.ASM   12-27-2020  18:28:15         PAGE  1


LOC  OBJECT CODE     LINE SOURCE TEXT
  VALUE

                      00001 #include "p16F84A.inc"
                      00001         LIST
                      00002 
                      00003 ;==========================================================================
                      00004 ; Build date : Oct 24 2019
                      00005 ;  MPASM PIC16F84A processor include
                      00006 ; 
                      00007 ;  (c) Copyright 1999-2019 Microchip Technology, All rights reserved
                      00008 ;==========================================================================
                      00009 
                      00209         LIST
Warning[205]: Found directive in column 1. (__CONFIG)
2007   3FF9           00002 __CONFIG _FOSC_XT & _WDTE_OFF & _PWRTE_OFF & _CP_OFF
Warning[205]: Found directive in column 1. (ORG)
                      00003 ORG 0x00
                      00004     
                      00005     CBLOCK 0x20
  00000020            00006         d1
  00000021            00007         d2
                      00008     ENDC
                      00009     
Warning[207]: Found label after column 1. (SET_SETTINGS)
0000                  00010     SET_SETTINGS
0000   1683           00011         BSF STATUS, RP0 
0001   301F           00012         MOVLW b'11111'
0002   0085           00013         MOVWF PORTA
0003   3000           00014         MOVLW b'00000000'
0004   0086           00015         MOVWF PORTB
0005   1283           00016         BCF STATUS, RP0
0006   0186           00017         CLRF PORTB
0007   0185           00018         CLRF PORTA
                      00019         
Warning[207]: Found label after column 1. (START)
0008                  00020     START
0008   1805           00021         BTFSC PORTA, 0
0009   2???           00022             GOTO FIRST_ANIMATION
                      00023         ;BTFSC PORTA, 1
                      00024             ;GOTO FIRST_ANIMATION
                      00025         ;BTFSC PORTA, 2
                      00026             ;GOTO FIRST_ANIMATION
                      00027         ;BTFSC PORTA, 3
                      00028             ;GOTO FIRST_ANIMATION
000A   2???           00029         GOTO START
                      00030             
Warning[207]: Found label after column 1. (FIRST_ANIMATION)
000B                  00031     FIRST_ANIMATION
Message[305]: Using default destination of 1 (file).
000B   0986           00032         COMF PORTB
000C   2???           00033         CALL DELAY_1
000D   2???           00034         GOTO START
                      00035     
Warning[207]: Found label after column 1. (DELAY_1)
000E                  00036     DELAY_1 ; 0.2 seconds
MPASM 5.86                          MAIN.ASM   12-27-2020  18:28:15         PAGE  2


LOC  OBJECT CODE     LINE SOURCE TEXT
  VALUE

000E   303F           00037         MOVLW   0x3F
000F   00A0           00038         MOVWF   d1
0010   309D           00039         MOVLW   0x9D
0011   00A1           00040         MOVWF   d2
0012   2???           00041         CALL DELAY
0013   0008           00042         RETURN
                      00043         
Warning[207]: Found label after column 1. (DELAY_2)
0014                  00044     DELAY_2 ; 0.1 seconds
0014   301F           00045         MOVLW   0x1F
0015   00A0           00046         MOVWF   d1
0016   304F           00047         MOVLW   0x4F
0017   00A1           00048         MOVWF   d2
0018   2???           00049         CALL DELAY
0019   0008           00050         RETURN
                      00051         
Warning[207]: Found label after column 1. (DELAY)
001A                  00052     DELAY
001A   0BA0           00053         DECFSZ  d1, F
001B   2???           00054         GOTO    $+2
001C   0BA1           00055         DECFSZ  d2, F
001D   2???           00056         GOTO    DELAY
001E   0008           00057         RETURN
                      00058 
3FF9                  00059     END
MPASM 5.86                          MAIN.ASM   12-27-2020  18:28:15         PAGE  3


SYMBOL TABLE
  LABEL                             VALUE 

C                                 00000000
DC                                00000001
DELAY                             0000001A
DELAY_1                           0000000E
DELAY_2                           00000014
EEADR                             00000009
EECON1                            00000088
EECON2                            00000089
EEDATA                            00000008
EEIE                              00000006
EEIF                              00000004
F                                 00000001
FIRST_ANIMATION                   0000000B
FSR                               00000004
GIE                               00000007
INDF                              00000000
INTCON                            0000000B
INTE                              00000004
INTEDG                            00000006
INTF                              00000001
IRP                               00000007
NOT_PD                            00000003
NOT_RBPU                          00000007
NOT_TO                            00000004
OPTION_REG                        00000081
PCL                               00000002
PCLATH                            0000000A
PORTA                             00000005
PORTB                             00000006
PS0                               00000000
PS1                               00000001
PS2                               00000002
PSA                               00000003
RA0                               00000000
RA1                               00000001
RA2                               00000002
RA3                               00000003
RA4                               00000004
RB0                               00000000
RB1                               00000001
RB2                               00000002
RB3                               00000003
RB4                               00000004
RB5                               00000005
RB6                               00000006
RB7                               00000007
RBIE                              00000003
RBIF                              00000000
RD                                00000000
RP0                               00000005
RP1                               00000006
SET_SETTINGS                      00000000
START                             00000008
MPASM 5.86                          MAIN.ASM   12-27-2020  18:28:15         PAGE  4


SYMBOL TABLE
  LABEL                             VALUE 

STATUS                            00000003
T0CS                              00000005
T0IE                              00000005
T0IF                              00000002
T0SE                              00000004
TMR0                              00000001
TMR0IE                            00000005
TMR0IF                            00000002
TRISA                             00000085
TRISA0                            00000000
TRISA1                            00000001
TRISA2                            00000002
TRISA3                            00000003
TRISA4                            00000004
TRISB                             00000086
TRISB0                            00000000
TRISB1                            00000001
TRISB2                            00000002
TRISB3                            00000003
TRISB4                            00000004
TRISB5                            00000005
TRISB6                            00000006
TRISB7                            00000007
W                                 00000000
WR                                00000001
WREN                              00000002
WRERR                             00000003
Z                                 00000002
_.org_0_001B                      0000001B
_CONFIG                           00002007
_CP_OFF                           00003FFF
_CP_ON                            0000000F
_DEVID1                           00002006
_FOSC_EXTRC                       00003FFF
_FOSC_HS                          00003FFE
_FOSC_LP                          00003FFC
_FOSC_XT                          00003FFD
_HS_OSC                           00003FFE
_IDLOC0                           00002000
_IDLOC1                           00002001
_IDLOC2                           00002002
_IDLOC3                           00002003
_LP_OSC                           00003FFC
_PWRTE_OFF                        00003FFF
_PWRTE_ON                         00003FF7
_RC_OSC                           00003FFF
_WDTE_OFF                         00003FFB
_WDTE_ON                          00003FFF
_WDT_OFF                          00003FFB
_WDT_ON                           00003FFF
_XT_OSC                           00003FFD
__16F84A                          00000001
d1                                00000020
MPASM 5.86                          MAIN.ASM   12-27-2020  18:28:15         PAGE  5


SYMBOL TABLE
  LABEL                             VALUE 

d2                                00000021

Errors   :     0
Warnings :     8 reported,     0 suppressed
Messages :     1 reported,     0 suppressed

